#
# A fatal error has been detected by the Java Runtime Environment:
#
#  Internal Error (os_windows_x86.cpp:114), pid=5756, tid=5760
#  Error: guarantee(result == -1,"Unexpected result from topLevelExceptionFilter")
#
# JRE version: 6.0_17-b04
# Java VM: Java HotSpot(TM) 64-Bit Server VM (14.3-b01 mixed mode windows-amd64 )
# If you would like to submit a bug report, please visit:
#   http://java.sun.com/webapps/bugreport/crash.jsp
# The crash happened outside the Java Virtual Machine in native code.
# See problematic frame for where to report the bug.
#

---------------  T H R E A D  ---------------

Current thread (0x000000000245f000):  JavaThread "main" [_thread_in_native, id=5760, stack(0x0000000000040000,0x0000000001540000)]

Stack: [0x0000000000040000,0x0000000001540000]
[error occurred during error reporting (printing stack bounds), id 0xc0000005]

Java frames: (J=compiled Java code, j=interpreted, Vv=VM code)
j  com.mathworks.jmi.NativeMatlab.ProcessPendingEvents()Z+0
j  com.mathworks.jmi.NativeMatlab.processPendingEvents()Z+8
j  com.mathworks.jmi.Matlab$ProcessPendingEvents.callBooleanMethod(Ljava/lang/Object;)Z+0
j  com.mathworks.util.FactoryUtils.processPendingEvents()Z+12
j  com.mathworks.widgets.desk.Desktop.canClose()Z+38
j  com.mathworks.mde.desk.MLDesktop.canClose()Z+113
j  com.mathworks.mde.desk.MLDesktop$2.call()Ljava/lang/Boolean;+4
j  com.mathworks.mde.desk.MLDesktop$2.call()Ljava/lang/Object;+1
j  com.mathworks.jmi.Matlab.isOkToExit()Z+54
v  ~StubRoutines::call_stub
j  com.mathworks.jmi.NativeMatlab.SendMatlabMessage(Ljava/lang/Object;)Ljava/lang/Object;+0
j  com.mathworks.jmi.NativeMatlab.sendMatlabMessage(Ljava/lang/Object;)Ljava/lang/Object;+22
j  com.mathworks.jmi.MatlabLooper.sendMatlabMessage(Lcom/mathworks/services/message/MWMessage;)Ljava/lang/Object;+20
j  com.mathworks.jmi.Matlab.mtFevalConsoleOutput(Ljava/lang/String;[Ljava/lang/Object;I)Ljava/lang/Object;+58
j  com.mathworks.mde.desk.MLDesktop$8.run()V+14
j  com.mathworks.jmi.NativeMatlab.dispatchMTRequests(Z)V+50
v  ~StubRoutines::call_stub

---------------  P R O C E S S  ---------------

Java Threads: ( => current thread )
  0x000000000f664800 JavaThread "Image Fetcher 0" daemon [_thread_blocked, id=5192, stack(0x0000000011390000,0x0000000011410000)]
  0x000000000f65e000 JavaThread "Code Analyzer updating thread" [_thread_blocked, id=3328, stack(0x0000000035e00000,0x0000000035e80000)]
  0x000000000f65d000 JavaThread "Code Analyzer updating thread" [_thread_blocked, id=6280, stack(0x000000003bd80000,0x000000003be00000)]
  0x000000000f65c800 JavaThread "Code Analyzer updating thread" [_thread_blocked, id=1172, stack(0x000000003beb0000,0x000000003bf30000)]
  0x000000000df94800 JavaThread "Code Analyzer updating thread" [_thread_blocked, id=7144, stack(0x000000003be10000,0x000000003be90000)]
  0x000000000df8f800 JavaThread "Code Analyzer updating thread" [_thread_blocked, id=4816, stack(0x000000002ef10000,0x000000002ef90000)]
  0x000000000f65b800 JavaThread "Code Analyzer updating thread" [_thread_blocked, id=6804, stack(0x000000003bcf0000,0x000000003bd70000)]
  0x000000000f65b000 JavaThread "Active Reference Queue Daemon" daemon [_thread_blocked, id=5680, stack(0x000000003bc60000,0x000000003bce0000)]
  0x000000000f65a000 JavaThread "Timer-9" daemon [_thread_blocked, id=5444, stack(0x000000003ba90000,0x000000003bb10000)]
  0x000000000df97800 JavaThread "Timer-8" daemon [_thread_blocked, id=2076, stack(0x000000003b9f0000,0x000000003ba70000)]
  0x000000000df95000 JavaThread "RequestQueue for GenericFileList" [_thread_blocked, id=4916, stack(0x000000003b850000,0x000000003b8d0000)]
  0x000000000df93000 JavaThread "Prefs Updater" daemon [_thread_blocked, id=3888, stack(0x0000000034790000,0x0000000034810000)]
  0x000000000df92800 JavaThread "Timer-1" [_thread_blocked, id=4584, stack(0x000000003cd70000,0x000000003cdf0000)]
  0x000000000df91800 JavaThread "FelixPackageAdmin" daemon [_thread_blocked, id=2516, stack(0x0000000010fa0000,0x0000000011020000)]
  0x000000000df91000 JavaThread "FelixStartLevel" daemon [_thread_blocked, id=4632, stack(0x000000000ff80000,0x0000000010000000)]
  0x000000000df90000 JavaThread "FelixDispatchQueue" daemon [_thread_blocked, id=2212, stack(0x000000000dfd0000,0x000000000e050000)]
  0x000000000df8d000 JavaThread "TimerQueue" daemon [_thread_blocked, id=1836, stack(0x000000000c5f0000,0x000000000c670000)]
  0x000000000df8c000 JavaThread "AWT-Shutdown" [_thread_blocked, id=6304, stack(0x000000000f8f0000,0x000000000f970000)]
  0x000000000df8e800 JavaThread "AWT-EventQueue-0" [_thread_in_Java, id=5912, stack(0x000000000db90000,0x000000000dc10000)]
  0x000000000df8e000 JavaThread "com.google.common.base.internal.Finalizer" daemon [_thread_blocked, id=5040, stack(0x000000000e120000,0x000000000e1a0000)]
  0x000000000df8c800 JavaThread "AWT-Windows" daemon [_thread_in_native, id=4044, stack(0x000000000c4e0000,0x000000000c560000)]
  0x000000000df8b000 JavaThread "Java2D Disposer" daemon [_thread_blocked, id=4212, stack(0x000000000dc50000,0x000000000dcd0000)]
  0x000000000df8a800 JavaThread "Timer-0" [_thread_blocked, id=6756, stack(0x000000000c560000,0x000000000c5e0000)]
  0x000000000df89800 JavaThread "JMI Unnamed Thread" [_thread_in_native, id=7028, stack(0x0000000006d90000,0x0000000008290000)]
  0x000000000df89000 JavaThread "Low Memory Detector" daemon [_thread_blocked, id=6592, stack(0x00000000098f0000,0x0000000009970000)]
  0x000000000df9e800 JavaThread "CompilerThread1" daemon [_thread_blocked, id=3476, stack(0x00000000375c0000,0x0000000038ac0000)]
  0x000000000df98000 JavaThread "CompilerThread0" daemon [_thread_blocked, id=6392, stack(0x0000000035fa0000,0x00000000374a0000)]
  0x000000000df88000 JavaThread "Attach Listener" daemon [_thread_blocked, id=6396, stack(0x000000000aee0000,0x000000000af60000)]
  0x000000000df31800 JavaThread "Finalizer" daemon [_thread_blocked, id=2840, stack(0x0000000008340000,0x00000000083c0000)]
  0x000000000df2b000 JavaThread "Reference Handler" daemon [_thread_blocked, id=3324, stack(0x00000000082b0000,0x0000000008330000)]
=>0x000000000245f000 JavaThread "main" [_thread_in_native, id=5760, stack(0x0000000000040000,0x0000000001540000)]

Other Threads:
  0x000000000df25000 VMThread [stack: 0x00000000348f0000,0x0000000035df0000] [id=5572]
  0x000000000dfa4800 WatcherThread [stack: 0x0000000038bb0000,0x000000003a0b0000] [id=6608]

VM state:not at safepoint (normal execution)

VM Mutex/Monitor currently owned by a thread: None

Heap
 PSYoungGen      total 13056K, used 4869K [0x00000000268d0000, 0x00000000278d0000, 0x00000000299d0000)
  eden space 9536K, 35% used [0x00000000268d0000,0x0000000026c220b0,0x0000000027220000)
  from space 3520K, 41% used [0x0000000027560000,0x00000000276cf498,0x00000000278d0000)
  to   space 3328K, 0% used [0x0000000027220000,0x0000000027220000,0x0000000027560000)
 PSOldGen        total 61504K, used 49239K [0x000000001d5d0000, 0x00000000211e0000, 0x00000000268d0000)
  object space 61504K, 80% used [0x000000001d5d0000,0x00000000205e5f70,0x00000000211e0000)
 PSPermGen       total 113088K, used 57980K [0x00000000155d0000, 0x000000001c440000, 0x000000001d5d0000)
  object space 113088K, 51% used [0x00000000155d0000,0x0000000018e6f070,0x000000001c440000)

Dynamic libraries:
0x000000013f360000 - 0x000000013f389000 	C:\matlab2011\bin\win64\MATLAB.exe
0x0000000077870000 - 0x0000000077a19000 	C:\Windows\SYSTEM32\ntdll.dll
0x0000000077650000 - 0x000000007776f000 	C:\Windows\system32\kernel32.dll
0x000007fefd770000 - 0x000007fefd7dc000 	C:\Windows\system32\KERNELBASE.dll
0x0000000075330000 - 0x00000000753b7000 	C:\Windows\System32\SYSFER.DLL
0x0000000074460000 - 0x0000000074569000 	C:\matlab2011\bin\win64\libut.dll
0x00000000758a0000 - 0x0000000075920000 	C:\matlab2011\bin\win64\libmwi18n.dll
0x0000000180000000 - 0x000000018000b000 	C:\matlab2011\bin\win64\libmwresource_core.dll
0x000000005a000000 - 0x000000005a0d3000 	C:\Windows\WinSxS\amd64_microsoft.vc90.crt_1fc8b3b9a1e18e3b_9.0.30729.6161_none_08e61857a83bc251\MSVCP90.dll
0x00000000662d0000 - 0x0000000066373000 	C:\Windows\WinSxS\amd64_microsoft.vc90.crt_1fc8b3b9a1e18e3b_9.0.30729.6161_none_08e61857a83bc251\MSVCR90.dll
0x000000007a3b0000 - 0x000000007a3c0000 	C:\matlab2011\bin\win64\boost_date_time-vc90-mt-1_40.dll
0x000000007a170000 - 0x000000007a189000 	C:\matlab2011\bin\win64\boost_filesystem-vc90-mt-1_40.dll
0x000000007a560000 - 0x000000007a569000 	C:\matlab2011\bin\win64\boost_system-vc90-mt-1_40.dll
0x000000007a2d0000 - 0x000000007a2e2000 	C:\matlab2011\bin\win64\boost_thread-vc90-mt-1_40.dll
0x000000007a010000 - 0x000000007a035000 	C:\matlab2011\bin\win64\LIBEXPAT.dll
0x00000000739d0000 - 0x0000000073b8c000 	C:\matlab2011\bin\win64\icuin42.dll
0x00000000740b0000 - 0x0000000074223000 	C:\matlab2011\bin\win64\icuuc42.dll
0x000007fefde50000 - 0x000007fefdf2b000 	C:\Windows\system32\ADVAPI32.dll
0x000007feffae0000 - 0x000007feffb7f000 	C:\Windows\system32\msvcrt.dll
0x000007fefdb60000 - 0x000007fefdb7f000 	C:\Windows\SYSTEM32\sechost.dll
0x000007fefec20000 - 0x000007fefed4d000 	C:\Windows\system32\RPCRT4.dll
0x0000000010000000 - 0x0000000010f47000 	C:\matlab2011\bin\win64\icudt42.dll
0x0000000073f70000 - 0x000000007407d000 	C:\matlab2011\bin\win64\libmwfl.dll
0x00000000017a0000 - 0x0000000001833000 	C:\matlab2011\bin\win64\libmwMATLAB_res.dll
0x000000007a250000 - 0x000000007a263000 	C:\matlab2011\bin\win64\boost_signals-vc90-mt-1_40.dll
0x0000000001860000 - 0x00000000018a6000 	C:\matlab2011\bin\win64\tbb.dll
0x000007fefe680000 - 0x000007fefe699000 	C:\Windows\system32\imagehlp.dll
0x0000000077a40000 - 0x0000000077a47000 	C:\Windows\system32\PSAPI.DLL
0x000000007a3d0000 - 0x000000007a3e3000 	C:\matlab2011\bin\win64\icuio42.dll
0x000007fef87c0000 - 0x000007fef88e5000 	C:\Windows\system32\dbghelp.dll
0x0000000077770000 - 0x000000007786a000 	C:\Windows\system32\USER32.dll
0x000007fefe260000 - 0x000007fefe2c7000 	C:\Windows\system32\GDI32.dll
0x000007fefe3a0000 - 0x000007fefe3ae000 	C:\Windows\system32\LPK.dll
0x000007fefda90000 - 0x000007fefdb59000 	C:\Windows\system32\USP10.dll
0x000000007bed0000 - 0x000000007c0f5000 	C:\matlab2011\bin\win64\libmwservices.dll
0x0000000075a20000 - 0x0000000075ab2000 	C:\matlab2011\bin\win64\libmx.dll
0x000000007a210000 - 0x000000007a226000 	C:\matlab2011\bin\win64\zlib1.dll
0x0000000074330000 - 0x000000007444b000 	C:\matlab2011\bin\win64\libmwmathutil.dll
0x0000000059dc0000 - 0x0000000059e14000 	C:\matlab2011\bin\win64\mpath.dll
0x000000007b680000 - 0x000000007b982000 	C:\matlab2011\bin\win64\mlutil.dll
0x0000000059d30000 - 0x0000000059db2000 	C:\matlab2011\bin\win64\xmlcore.dll
0x000000007bc30000 - 0x000000007be83000 	C:\matlab2011\bin\win64\xerces-c_2_7.dll
0x000007fefe2d0000 - 0x000007fefe31d000 	C:\Windows\system32\WS2_32.dll
0x000007fefe220000 - 0x000007fefe228000 	C:\Windows\system32\NSI.dll
0x000007fefed50000 - 0x000007feffad9000 	C:\Windows\system32\SHELL32.dll
0x000007fefdb80000 - 0x000007fefdbf1000 	C:\Windows\system32\SHLWAPI.dll
0x000007fef9fa0000 - 0x000007fefa040000 	C:\Windows\WinSxS\amd64_microsoft.windows.common-controls_6595b64144ccf1df_5.82.7601.18201_none_a4d3b9377117c3df\COMCTL32.dll
0x000007fefd9f0000 - 0x000007fefda87000 	C:\Windows\system32\COMDLG32.dll
0x000007fefb000000 - 0x000007fefb016000 	C:\Windows\system32\NETAPI32.dll
0x000007fefaff0000 - 0x000007fefaffc000 	C:\Windows\system32\netutils.dll
0x000007fefcfd0000 - 0x000007fefcff3000 	C:\Windows\system32\srvcli.dll
0x000007fefafd0000 - 0x000007fefafe5000 	C:\Windows\system32\wkscli.dll
0x000007fefdf30000 - 0x000007fefe133000 	C:\Windows\system32\ole32.dll
0x000007fefe140000 - 0x000007fefe217000 	C:\Windows\system32\OLEAUT32.dll
0x0000000074970000 - 0x0000000074a34000 	C:\matlab2011\bin\win64\mcr.dll
0x0000000075000000 - 0x00000000750e4000 	C:\matlab2011\bin\win64\iqm.dll
0x0000000058f00000 - 0x000000005969c000 	C:\matlab2011\bin\win64\m_interpreter.dll
0x0000000067110000 - 0x000000006711f000 	C:\matlab2011\bin\win64\libmex.dll
0x0000000059c80000 - 0x0000000059d24000 	C:\matlab2011\bin\win64\m_dispatcher.dll
0x0000000074880000 - 0x0000000074945000 	C:\matlab2011\bin\win64\boost_regex-vc90-mt-1_40.dll
0x0000000059c00000 - 0x0000000059c7f000 	C:\matlab2011\bin\win64\profiler.dll
0x0000000079f40000 - 0x0000000079f6c000 	C:\matlab2011\bin\win64\libmwmathrng.dll
0x0000000066fb0000 - 0x0000000066fd0000 	C:\matlab2011\bin\win64\m_pcodeio.dll
0x0000000079b10000 - 0x0000000079b71000 	C:\matlab2011\bin\win64\m_ir.dll
0x00000000588c0000 - 0x0000000058efb000 	C:\matlab2011\bin\win64\m_parser.dll
0x0000000066450000 - 0x0000000066469000 	C:\matlab2011\bin\win64\ir_xfmr.dll
0x0000000058670000 - 0x00000000588bb000 	C:\matlab2011\bin\win64\mcos.dll
0x0000000066740000 - 0x000000006674c000 	C:\matlab2011\bin\win64\mtok.dll
0x0000000066380000 - 0x00000000663ab000 	C:\matlab2011\bin\win64\m_pcodegen.dll
0x0000000076160000 - 0x00000000761c2000 	C:\matlab2011\bin\win64\libmwspmatrix.dll
0x0000000079fb0000 - 0x0000000079fde000 	C:\matlab2011\bin\win64\libmwbridge.dll
0x00000000585b0000 - 0x0000000058669000 	C:\matlab2011\bin\win64\udd.dll
0x0000000058460000 - 0x00000000585a1000 	C:\matlab2011\bin\win64\libmwgui.dll
0x000000005df70000 - 0x000000005df87000 	C:\matlab2011\bin\win64\graphics_util.dll
0x0000000057be0000 - 0x0000000058460000 	C:\matlab2011\bin\win64\hg.dll
0x0000000076100000 - 0x000000007614f000 	C:\matlab2011\bin\win64\libmat.dll
0x0000000072d30000 - 0x0000000072f33000 	C:\matlab2011\bin\win64\libhdf5.dll
0x0000000057ae0000 - 0x0000000057b5b000 	C:\matlab2011\bin\win64\jmi.dll
0x0000000001ac0000 - 0x0000000001ace000 	C:\matlab2011\bin\win64\nativejava_services.dll
0x0000000059b80000 - 0x0000000059bbc000 	C:\matlab2011\bin\win64\libmwhardcopy.dll
0x0000000057a80000 - 0x0000000057ad8000 	C:\matlab2011\bin\win64\libuij.dll
0x0000000057890000 - 0x0000000057a73000 	C:\matlab2011\bin\win64\hgdatatypes.dll
0x0000000056e40000 - 0x0000000056efc000 	C:\matlab2011\bin\win64\hgutils.dll
0x0000000056dc0000 - 0x0000000056e3c000 	C:\matlab2011\bin\win64\libmwlapack.dll
0x0000000059b50000 - 0x0000000059b62000 	C:\matlab2011\bin\win64\libmwbinder.dll
0x0000000056db0000 - 0x0000000056dbb000 	C:\matlab2011\bin\win64\libmwompwrapper.dll
0x0000000001b50000 - 0x0000000001e14000 	C:\matlab2011\bin\win64\uiw.dll
0x0000000056d70000 - 0x0000000056d7a000 	C:\matlab2011\bin\win64\uinone.dll
0x0000000056880000 - 0x0000000056d64000 	C:\Windows\WinSxS\amd64_microsoft.vc90.mfc_1fc8b3b9a1e18e3b_9.0.30729.6161_none_044aad0bab1eb146\mfc90.dll
0x000007fef9f90000 - 0x000007fef9f97000 	C:\Windows\system32\MSIMG32.dll
0x000007fef94c0000 - 0x000007fef9531000 	C:\Windows\system32\WINSPOOL.DRV
0x00000000567d0000 - 0x0000000056879000 	C:\matlab2011\bin\win64\udd_mi.dll
0x00000000567b0000 - 0x00000000567cb000 	C:\matlab2011\bin\win64\mwoles05.DLL
0x0000000056740000 - 0x00000000567ae000 	C:\matlab2011\bin\win64\comcli.dll
0x0000000056710000 - 0x000000005673f000 	C:\Windows\WinSxS\amd64_microsoft.vc90.atl_1fc8b3b9a1e18e3b_9.0.30729.6161_none_0a1fd3a3a768b895\ATL90.DLL
0x0000000056700000 - 0x000000005670c000 	C:\matlab2011\bin\win64\mlautoregister.dll
0x0000000001e80000 - 0x0000000001e8d000 	C:\matlab2011\bin\win64\boost_iostreams-vc90-mt-1_40.dll
0x000007fefd410000 - 0x000007fefd467000 	C:\Windows\system32\apphelp.dll
0x000007feea410000 - 0x000007feea461000 	C:\Windows\AppPatch\AppPatch64\AcGenral.DLL
0x000007fefd3d0000 - 0x000007fefd3f5000 	C:\Windows\system32\SspiCli.dll
0x0000000070570000 - 0x0000000070573000 	C:\Windows\system32\sfc.dll
0x000007fef7e30000 - 0x000007fef7e40000 	C:\Windows\system32\sfc_os.DLL
0x000007fefd800000 - 0x000007fefd81e000 	C:\Windows\system32\USERENV.dll
0x000007fefd640000 - 0x000007fefd64f000 	C:\Windows\system32\profapi.dll
0x000007fefb620000 - 0x000007fefb638000 	C:\Windows\system32\dwmapi.dll
0x000007fef6190000 - 0x000007fef61a8000 	C:\Windows\system32\MPR.dll
0x000007fefe230000 - 0x000007fefe25e000 	C:\Windows\system32\IMM32.DLL
0x000007fefe830000 - 0x000007fefe939000 	C:\Windows\system32\MSCTF.dll
0x000007fefd570000 - 0x000007fefd59f000 	C:\Windows\system32\nvinitx.dll
0x000000000f000000 - 0x000000000f006000 	C:\Program Files\NVIDIA Corporation\CoProcManager\_etoured.dll
0x000007fef9590000 - 0x000007fef95ef000 	C:\Program Files\NVIDIA Corporation\CoProcManager\nvd3d9wrapx.dll
0x000007fefe9e0000 - 0x000007fefebb7000 	C:\Windows\system32\SETUPAPI.dll
0x000007fefd670000 - 0x000007fefd6a6000 	C:\Windows\system32\CFGMGR32.dll
0x000007fefd990000 - 0x000007fefd9aa000 	C:\Windows\system32\DEVOBJ.dll
0x000007fef9540000 - 0x000007fef9586000 	C:\Program Files\NVIDIA Corporation\CoProcManager\nvdxgiwrapx.dll
0x000007fefbba0000 - 0x000007fefbbf6000 	C:\Windows\system32\UxTheme.dll
0x00000000563f0000 - 0x00000000563fd000 	C:\Windows\WinSxS\amd64_microsoft.vc90.mfcloc_1fc8b3b9a1e18e3b_9.0.30729.6161_none_01c9581e60cbee58\MFC90ENU.DLL
0x00000000023a0000 - 0x00000000023c9000 	C:\matlab2011\bin\win64\tbbmalloc.dll
0x000007fefae30000 - 0x000007fefae57000 	C:\Windows\system32\iphlpapi.dll
0x000007fefae20000 - 0x000007fefae2b000 	C:\Windows\system32\WINNSI.DLL
0x000007fefcc20000 - 0x000007fefcc7b000 	C:\Windows\system32\DNSAPI.dll
0x000007fefacf0000 - 0x000007fefad08000 	C:\Windows\system32\dhcpcsvc.DLL
0x000007fefacd0000 - 0x000007feface1000 	C:\Windows\system32\dhcpcsvc6.DLL
0x0000000055f80000 - 0x0000000055f83000 	C:\Windows\system32\icmp.Dll
0x000007fefd400000 - 0x000007fefd40f000 	C:\Windows\system32\CRYPTBASE.dll
0x0000000078870000 - 0x0000000078ecd000 	C:\matlab2011\sys\java\jre\win64\jre\bin\server\jvm.dll
0x000007fefb770000 - 0x000007fefb7ab000 	C:\Windows\system32\WINMM.dll
0x000000007a440000 - 0x000000007a44e000 	C:\matlab2011\sys\java\jre\win64\jre\bin\verify.dll

VM Arguments:
jvm_args: -Xss512k -XX:PermSize=32m -Xms64m -XX:NewRatio=3 -XX:MaxPermSize=128m -Xmx196m -XX:MaxDirectMemorySize=2147400000 -Dsun.java2d.noddraw=true -Dsun.awt.nopixfmt=true -Xshare:off -Xrs -Dsun.awt.disableMixing=true -Djava.library.path=C:\matlab2011\bin\win64 vfprintf abort 
java_command: <unknown>
Launcher Type: generic

Environment Variables:
PATH=C:\Python27\Lib\site-packages\PyQt4;C:\ProgramData\Oracle\Java\javapath;C:\Windows\system32;C:\Windows;C:\Windows\System32\Wbem;C:\Windows\System32\WindowsPowerShell\v1.0\;C:\Program Files (x86)\Intel\OpenCL SDK\2.0\bin\x86;C:\Program Files (x86)\Intel\OpenCL SDK\2.0\bin\x64;C:\Program Files\Intel\WiFi\bin\;C:\Program Files\Common Files\Intel\WirelessCommon\;C:\Program Files (x86)\QuickTime\QTSystem\;C:\Program Files\Microsoft SQL Server\110\Tools\Binn\;C:\Program Files\Microsoft SQL Server\120\Tools\Binn\;C:\Python27;C:\Python27\DLLs;C:\Python27\Scripts;C:\Python27\gnuplot\binary;C:\Program Files (x86)\pythonxy\SciTE-3.5.1-4;C:\Program Files (x86)\pythonxy\console;C:\Program Files\Microsoft Windows Performance Toolkit\;C:\Program Files (x86)\Windows Kits\8.1\Windows Performance Toolkit\;C:\Program Files (x86)\Microsoft SDKs\TypeScript\1.0\;C:\Program Files (x86)\PharosSystems\Core;C:\Program Files\Intel\WiFi\bin\;C:\Program Files\Common Files\Intel\WirelessCommon\
USERNAME=Admin
OS=Windows_NT
PROCESSOR_IDENTIFIER=Intel64 Family 6 Model 42 Stepping 7, GenuineIntel



---------------  S Y S T E M  ---------------

OS: Windows 7 Build 7601 Service Pack 1

CPU:total 8 (8 cores per cpu, 2 threads per core) family 6 model 42 stepping 7, cmov, cx8, fxsr, mmx, sse, sse2, sse3, ssse3, sse4.1, sse4.2, ht

Memory: 4k page, physical 4085932k(1662648k free), swap 8170028k(5242400k free)

vm_info: Java HotSpot(TM) 64-Bit Server VM (14.3-b01) for windows-amd64 JRE (1.6.0_17-b04), built on Oct 11 2009 00:46:08 by "java_re" with MS VC++ 8.0

time: Fri May 15 12:46:42 2015
elapsed time: 777 seconds

